#
# There is insufficient memory for the Java Runtime Environment to continue.
# Native memory allocation (malloc) failed to allocate 1767152 bytes for Chunk::new
# Possible reasons:
#   The system is out of physical RAM or swap space
#   The process is running with CompressedOops enabled, and the Java Heap may be blocking the growth of the native heap
# Possible solutions:
#   Reduce memory load on the system
#   Increase physical memory or swap space
#   Check if swap backing store is full
#   Decrease Java heap size (-Xmx/-Xms)
#   Decrease number of Java threads
#   Decrease Java thread stack sizes (-Xss)
#   Set larger code cache with -XX:ReservedCodeCacheSize=
#   JVM is running with Zero Based Compressed Oops mode in which the Java heap is
#     placed in the first 32GB address space. The Java Heap base address is the
#     maximum limit for the native heap growth. Please use -XX:HeapBaseMinAddress
#     to set the Java Heap base and to place the Java Heap above 32GB virtual address.
# This output file may be truncated or incomplete.
#
#  Out of Memory Error (allocation.cpp:389), pid=34920, tid=0x0000000000007468
#
# JRE version: Java(TM) SE Runtime Environment (8.0_202-b08) (build 1.8.0_202-b08)
# Java VM: Java HotSpot(TM) 64-Bit Server VM (25.202-b08 mixed mode windows-amd64 compressed oops)
# Failed to write core dump. Minidumps are not enabled by default on client versions of Windows
#

---------------  T H R E A D  ---------------

Current thread (0x000000001dc94800):  JavaThread "C2 CompilerThread2" daemon [_thread_in_native, id=29800, stack(0x000000001e780000,0x000000001e880000)]

Stack: [0x000000001e780000,0x000000001e880000]
[error occurred during error reporting (printing stack bounds), id 0xc0000005]

Native frames: (J=compiled Java code, j=interpreted, Vv=VM code, C=native code)


Current CompileTask:
C2:   2294 2936       4       java.net.URLClassLoader$1::run (5 bytes)


---------------  P R O C E S S  ---------------

Java Threads: ( => current thread )
  0x000000001dd2b000 JavaThread "Service Thread" daemon [_thread_blocked, id=28332, stack(0x000000001e980000,0x000000001ea80000)]
  0x000000001dc97800 JavaThread "C1 CompilerThread3" daemon [_thread_blocked, id=23632, stack(0x000000001e880000,0x000000001e980000)]
=>0x000000001dc94800 JavaThread "C2 CompilerThread2" daemon [_thread_in_native, id=29800, stack(0x000000001e780000,0x000000001e880000)]
  0x000000001dc93000 JavaThread "C2 CompilerThread1" daemon [_thread_in_native, id=36856, stack(0x000000001e680000,0x000000001e780000)]
  0x000000001dc91000 JavaThread "C2 CompilerThread0" daemon [_thread_in_native, id=16412, stack(0x000000001e580000,0x000000001e680000)]
  0x000000001dc8b000 JavaThread "Attach Listener" daemon [_thread_blocked, id=19540, stack(0x000000001e480000,0x000000001e580000)]
  0x000000001dc89000 JavaThread "Signal Dispatcher" daemon [_thread_blocked, id=18388, stack(0x000000001e380000,0x000000001e480000)]
  0x000000001be8e000 JavaThread "Finalizer" daemon [_thread_blocked, id=14616, stack(0x000000001e160000,0x000000001e260000)]
  0x000000001dc80800 JavaThread "Reference Handler" daemon [_thread_blocked, id=21036, stack(0x000000001e060000,0x000000001e160000)]
  0x0000000002472800 JavaThread "main" [_thread_in_Java, id=18112, stack(0x0000000002340000,0x0000000002440000)]

Other Threads:
  0x000000001be8a800 VMThread [stack: 0x000000001db60000,0x000000001dc60000] [id=18520]
  0x000000001dd45800 WatcherThread [stack: 0x000000001ebf0000,0x000000001ecf0000] [id=32908]

VM state:not at safepoint (normal execution)

VM Mutex/Monitor currently owned by a thread: None

heap address: 0x00000006c4200000, size: 4030 MB, Compressed Oops mode: Zero based, Oop shift amount: 3
Narrow klass base: 0x0000000000000000, Narrow klass shift: 3
Compressed class space size: 1073741824 Address: 0x00000007c0000000

Heap:
 PSYoungGen      total 75264K, used 23757K [0x000000076c100000, 0x0000000775400000, 0x00000007c0000000)
  eden space 64512K, 20% used [0x000000076c100000,0x000000076cdb5988,0x0000000770000000)
  from space 10752K, 99% used [0x0000000770000000,0x0000000770a7dd40,0x0000000770a80000)
  to   space 10752K, 0% used [0x0000000774980000,0x0000000774980000,0x0000000775400000)
 ParOldGen       total 172032K, used 394K [0x00000006c4200000, 0x00000006cea00000, 0x000000076c100000)
  object space 172032K, 0% used [0x00000006c4200000,0x00000006c4262960,0x00000006cea00000)
 Metaspace       used 18456K, capacity 18896K, committed 19072K, reserved 1067008K
  class space    used 2216K, capacity 2335K, committed 2432K, reserved 1048576K

Card table byte_map: [0x00000000119b0000,0x0000000012190000] byte_map_base: 0x000000000e38f000

Marking Bits: (ParMarkBitMap*) 0x000000006e885ce0
 Begin Bits: [0x0000000012ed0000, 0x0000000016dc8000)
 End Bits:   [0x0000000016dc8000, 0x000000001acc0000)

Polling page: 0x0000000002440000

CodeCache: size=245760Kb used=11089Kb max_used=11104Kb free=234670Kb
 bounds [0x00000000025f0000, 0x00000000030e0000, 0x00000000115f0000]
 total_blobs=3568 nmethods=3201 adapters=279
 compilation: enabled

Compilation events (10 events):
Event: 2.287 Thread 0x000000001dc97800 3210       3       org.apache.maven.model.merge.MavenModelMerger::mergeDistributionManagement_Site (92 bytes)
Event: 2.287 Thread 0x000000001dc97800 nmethod 3210 0x00000000030c0e10 code [0x00000000030c1000, 0x00000000030c1a88]
Event: 2.287 Thread 0x000000001dc97800 3211       3       org.apache.maven.model.merge.ModelMerger::mergeDistributionManagement_Status (41 bytes)
Event: 2.288 Thread 0x000000001dc97800 nmethod 3211 0x00000000030c1ed0 code [0x00000000030c2060, 0x00000000030c2418]
Event: 2.288 Thread 0x000000001dc97800 3212       3       org.apache.maven.model.merge.ModelMerger::mergeDistributionManagement_DownloadUrl (41 bytes)
Event: 2.288 Thread 0x000000001dc97800 nmethod 3212 0x00000000030c25d0 code [0x00000000030c2760, 0x00000000030c2b18]
Event: 2.289 Thread 0x000000001dc97800 3213       3       org.apache.maven.model.merge.ModelMerger::mergeDistributionManagement (46 bytes)
Event: 2.289 Thread 0x000000001dc97800 nmethod 3213 0x00000000030c2cd0 code [0x00000000030c2e80, 0x00000000030c33e8]
Event: 2.291 Thread 0x000000001dc97800 3214       3       org.apache.maven.model.io.xpp3.MavenXpp3Reader::parseParent (256 bytes)
Event: 2.292 Thread 0x000000001dc97800 nmethod 3214 0x00000000030c3550 code [0x00000000030c3960, 0x00000000030c5818]

GC Heap History (6 events):
Event: 0.677 GC heap before
{Heap before GC invocations=1 (full 0):
 PSYoungGen      total 75264K, used 64512K [0x000000076c100000, 0x0000000771500000, 0x00000007c0000000)
  eden space 64512K, 100% used [0x000000076c100000,0x0000000770000000,0x0000000770000000)
  from space 10752K, 0% used [0x0000000770a80000,0x0000000770a80000,0x0000000771500000)
  to   space 10752K, 0% used [0x0000000770000000,0x0000000770000000,0x0000000770a80000)
 ParOldGen       total 172032K, used 0K [0x00000006c4200000, 0x00000006cea00000, 0x000000076c100000)
  object space 172032K, 0% used [0x00000006c4200000,0x00000006c4200000,0x00000006cea00000)
 Metaspace       used 11227K, capacity 11420K, committed 11520K, reserved 1058816K
  class space    used 1387K, capacity 1479K, committed 1536K, reserved 1048576K
Event: 0.684 GC heap after
Heap after GC invocations=1 (full 0):
 PSYoungGen      total 75264K, used 10178K [0x000000076c100000, 0x0000000771500000, 0x00000007c0000000)
  eden space 64512K, 0% used [0x000000076c100000,0x000000076c100000,0x0000000770000000)
  from space 10752K, 94% used [0x0000000770000000,0x00000007709f0b00,0x0000000770a80000)
  to   space 10752K, 0% used [0x0000000770a80000,0x0000000770a80000,0x0000000771500000)
 ParOldGen       total 172032K, used 16K [0x00000006c4200000, 0x00000006cea00000, 0x000000076c100000)
  object space 172032K, 0% used [0x00000006c4200000,0x00000006c4204000,0x00000006cea00000)
 Metaspace       used 11227K, capacity 11420K, committed 11520K, reserved 1058816K
  class space    used 1387K, capacity 1479K, committed 1536K, reserved 1048576K
}
Event: 1.466 GC heap before
{Heap before GC invocations=2 (full 0):
 PSYoungGen      total 75264K, used 74690K [0x000000076c100000, 0x0000000771500000, 0x00000007c0000000)
  eden space 64512K, 100% used [0x000000076c100000,0x0000000770000000,0x0000000770000000)
  from space 10752K, 94% used [0x0000000770000000,0x00000007709f0b00,0x0000000770a80000)
  to   space 10752K, 0% used [0x0000000770a80000,0x0000000770a80000,0x0000000771500000)
 ParOldGen       total 172032K, used 16K [0x00000006c4200000, 0x00000006cea00000, 0x000000076c100000)
  object space 172032K, 0% used [0x00000006c4200000,0x00000006c4204000,0x00000006cea00000)
 Metaspace       used 15838K, capacity 16290K, committed 16384K, reserved 1062912K
  class space    used 1921K, capacity 2022K, committed 2048K, reserved 1048576K
Event: 1.478 GC heap after
Heap after GC invocations=2 (full 0):
 PSYoungGen      total 75264K, used 9963K [0x000000076c100000, 0x0000000775400000, 0x00000007c0000000)
  eden space 64512K, 0% used [0x000000076c100000,0x000000076c100000,0x0000000770000000)
  from space 10752K, 92% used [0x0000000770a80000,0x000000077143afc0,0x0000000771500000)
  to   space 10752K, 0% used [0x0000000770000000,0x0000000770000000,0x0000000770a80000)
 ParOldGen       total 172032K, used 24K [0x00000006c4200000, 0x00000006cea00000, 0x000000076c100000)
  object space 172032K, 0% used [0x00000006c4200000,0x00000006c4206000,0x00000006cea00000)
 Metaspace       used 15838K, capacity 16290K, committed 16384K, reserved 1062912K
  class space    used 1921K, capacity 2022K, committed 2048K, reserved 1048576K
}
Event: 2.147 GC heap before
{Heap before GC invocations=3 (full 0):
 PSYoungGen      total 75264K, used 74475K [0x000000076c100000, 0x0000000775400000, 0x00000007c0000000)
  eden space 64512K, 100% used [0x000000076c100000,0x0000000770000000,0x0000000770000000)
  from space 10752K, 92% used [0x0000000770a80000,0x000000077143afc0,0x0000000771500000)
  to   space 10752K, 0% used [0x0000000770000000,0x0000000770000000,0x0000000770a80000)
 ParOldGen       total 172032K, used 24K [0x00000006c4200000, 0x00000006cea00000, 0x000000076c100000)
  object space 172032K, 0% used [0x00000006c4200000,0x00000006c4206000,0x00000006cea00000)
 Metaspace       used 18042K, capacity 18456K, committed 18688K, reserved 1064960K
  class space    used 2185K, capacity 2295K, committed 2304K, reserved 1048576K
Event: 2.157 GC heap after
Heap after GC invocations=3 (full 0):
 PSYoungGen      total 75264K, used 10743K [0x000000076c100000, 0x0000000775400000, 0x00000007c0000000)
  eden space 64512K, 0% used [0x000000076c100000,0x000000076c100000,0x0000000770000000)
  from space 10752K, 99% used [0x0000000770000000,0x0000000770a7dd40,0x0000000770a80000)
  to   space 10752K, 0% used [0x0000000774980000,0x0000000774980000,0x0000000775400000)
 ParOldGen       total 172032K, used 394K [0x00000006c4200000, 0x00000006cea00000, 0x000000076c100000)
  object space 172032K, 0% used [0x00000006c4200000,0x00000006c4262960,0x00000006cea00000)
 Metaspace       used 18042K, capacity 18456K, committed 18688K, reserved 1064960K
  class space    used 2185K, capacity 2295K, committed 2304K, reserved 1048576K
}

Deoptimization events (10 events):
Event: 1.202 Thread 0x0000000002472800 Uncommon trap: reason=class_check action=maybe_recompile pc=0x0000000002ad14cc method=com.google.inject.internal.LinkedBindingImpl.acceptTargetVisitor(Lcom/google/inject/spi/BindingTargetVisitor;)Ljava/lang/Object; @ 2
Event: 1.202 Thread 0x0000000002472800 Uncommon trap: reason=class_check action=maybe_recompile pc=0x0000000002ad14cc method=com.google.inject.internal.LinkedBindingImpl.acceptTargetVisitor(Lcom/google/inject/spi/BindingTargetVisitor;)Ljava/lang/Object; @ 2
Event: 1.687 Thread 0x0000000002472800 Uncommon trap: reason=unstable_if action=reinterpret pc=0x0000000002c0fe30 method=org.codehaus.plexus.util.xml.pull.MXParser.parseAttribute()C @ 995
Event: 1.955 Thread 0x0000000002472800 Uncommon trap: reason=predicate action=maybe_recompile pc=0x0000000002f7ce90 method=java.util.TimSort.binarySort([Ljava/lang/Object;IIILjava/util/Comparator;)V @ 37
Event: 1.962 Thread 0x0000000002472800 Uncommon trap: reason=array_check action=maybe_recompile pc=0x0000000002f7aad0 method=java.util.TimSort.binarySort([Ljava/lang/Object;IIILjava/util/Comparator;)V @ 215
Event: 1.962 Thread 0x0000000002472800 Uncommon trap: reason=array_check action=maybe_recompile pc=0x0000000002f7aad0 method=java.util.TimSort.binarySort([Ljava/lang/Object;IIILjava/util/Comparator;)V @ 215
Event: 1.962 Thread 0x0000000002472800 Uncommon trap: reason=array_check action=maybe_recompile pc=0x0000000002f7ab94 method=java.util.TimSort.binarySort([Ljava/lang/Object;IIILjava/util/Comparator;)V @ 193
Event: 1.963 Thread 0x0000000002472800 Uncommon trap: reason=array_check action=maybe_recompile pc=0x0000000002f7ac5c method=java.util.TimSort.binarySort([Ljava/lang/Object;IIILjava/util/Comparator;)V @ 183
Event: 1.963 Thread 0x0000000002472800 Uncommon trap: reason=array_check action=maybe_recompile pc=0x0000000002f7ac5c method=java.util.TimSort.binarySort([Ljava/lang/Object;IIILjava/util/Comparator;)V @ 183
Event: 1.981 Thread 0x0000000002472800 Uncommon trap: reason=unstable_if action=reinterpret pc=0x0000000002f8dc8c method=org.codehaus.plexus.classworlds.realm.Entry.matches(Ljava/lang/String;)Z @ 150

Classes redefined (0 events):
No events

Internal exceptions (10 events):
Event: 0.936 Thread 0x0000000002472800 Exception <a 'java/lang/NullPointerException'> (0x000000076d4fc600) thrown at [C:\re\workspace\8-2-build-windows-amd64-cygwin\jdk8u202\12323\hotspot\src\share\vm\interpreter\linkResolver.cpp, line 1185]
Event: 0.936 Thread 0x0000000002472800 Exception <a 'java/lang/NullPointerException'> (0x000000076d4fc808) thrown at [C:\re\workspace\8-2-build-windows-amd64-cygwin\jdk8u202\12323\hotspot\src\share\vm\interpreter\linkResolver.cpp, line 1185]
Event: 0.936 Thread 0x0000000002472800 Exception <a 'java/lang/NullPointerException'> (0x000000076d504100) thrown at [C:\re\workspace\8-2-build-windows-amd64-cygwin\jdk8u202\12323\hotspot\src\share\vm\interpreter\linkResolver.cpp, line 1185]
Event: 0.936 Thread 0x0000000002472800 Exception <a 'java/lang/NullPointerException'> (0x000000076d504308) thrown at [C:\re\workspace\8-2-build-windows-amd64-cygwin\jdk8u202\12323\hotspot\src\share\vm\interpreter\linkResolver.cpp, line 1185]
Event: 0.936 Thread 0x0000000002472800 Exception <a 'java/lang/NullPointerException'> (0x000000076d504510) thrown at [C:\re\workspace\8-2-build-windows-amd64-cygwin\jdk8u202\12323\hotspot\src\share\vm\interpreter\linkResolver.cpp, line 1185]
Event: 1.047 Thread 0x0000000002472800 Implicit null exception at 0x0000000002ba8ec3 to 0x0000000002ba910d
Event: 1.154 Thread 0x0000000002472800 Implicit null exception at 0x00000000029b2095 to 0x00000000029b2299
Event: 1.155 Thread 0x0000000002472800 Implicit null exception at 0x00000000028c83af to 0x00000000028c8419
Event: 1.996 Thread 0x0000000002472800 Exception <a 'java/lang/NoClassDefFoundError': org/codehaus/plexus/util/interpolation/ValueSource> (0x000000076f333aa0) thrown at [C:\re\workspace\8-2-build-windows-amd64-cygwin\jdk8u202\12323\hotspot\src\share\vm\classfile\systemDictionary.cpp, line 199]
Event: 2.045 Thread 0x0000000002472800 Exception <a 'java/lang/NoClassDefFoundError': org/sonatype/aether/version/VersionConstraint> (0x000000076f841330) thrown at [C:\re\workspace\8-2-build-windows-amd64-cygwin\jdk8u202\12323\hotspot\src\share\vm\classfile\systemDictionary.cpp, line 199]

Events (10 events):
Event: 2.225 loading class org/apache/maven/plugin/logging/Log
Event: 2.225 loading class org/apache/maven/plugin/logging/Log done
Event: 2.225 loading class org/apache/maven/plugin/logging/Log
Event: 2.225 loading class org/apache/maven/plugin/logging/Log done
Event: 2.225 loading class org/apache/maven/plugin/logging/Log
Event: 2.225 loading class org/apache/maven/plugin/logging/Log done
Event: 2.226 loading class org/apache/maven/artifact/resolver/filter/CumulativeScopeArtifactFilter
Event: 2.226 loading class org/apache/maven/artifact/resolver/filter/CumulativeScopeArtifactFilter done
Event: 2.226 loading class org/apache/maven/artifact/resolver/filter/AbstractScopeArtifactFilter
Event: 2.226 loading class org/apache/maven/artifact/resolver/filter/AbstractScopeArtifactFilter done


Dynamic libraries:
0x00007ff787e30000 - 0x00007ff787e67000 	C:\Program Files\Java\jdk1.8.0_202\bin\java.exe
0x00007ffbd8290000 - 0x00007ffbd8488000 	C:\Windows\SYSTEM32\ntdll.dll
0x00007ffbd8190000 - 0x00007ffbd824f000 	C:\Windows\System32\KERNEL32.DLL
0x00007ffbd5bc0000 - 0x00007ffbd5eb6000 	C:\Windows\System32\KERNELBASE.dll
0x00007ffbd7490000 - 0x00007ffbd753f000 	C:\Windows\System32\ADVAPI32.dll
0x00007ffbd73f0000 - 0x00007ffbd748e000 	C:\Windows\System32\msvcrt.dll
0x00007ffbd6bc0000 - 0x00007ffbd6c5c000 	C:\Windows\System32\sechost.dll
0x00007ffbd7540000 - 0x00007ffbd7666000 	C:\Windows\System32\RPCRT4.dll
0x00007ffbd7680000 - 0x00007ffbd781d000 	C:\Windows\System32\USER32.dll
0x00007ffbd6090000 - 0x00007ffbd60b2000 	C:\Windows\System32\win32u.dll
0x00007ffbd7950000 - 0x00007ffbd797c000 	C:\Windows\System32\GDI32.dll
0x00007ffbd5ec0000 - 0x00007ffbd5fd5000 	C:\Windows\System32\gdi32full.dll
0x00007ffbd6250000 - 0x00007ffbd62ed000 	C:\Windows\System32\msvcp_win.dll
0x00007ffbd5970000 - 0x00007ffbd5a70000 	C:\Windows\System32\ucrtbase.dll
0x00007ffbc2960000 - 0x00007ffbc2bfa000 	C:\Windows\WinSxS\amd64_microsoft.windows.common-controls_6595b64144ccf1df_6.0.19041.1110_none_60b5254171f9507e\COMCTL32.dll
0x00007ffbd73c0000 - 0x00007ffbd73f0000 	C:\Windows\System32\IMM32.DLL
0x000000006df80000 - 0x000000006e052000 	C:\Program Files\Java\jdk1.8.0_202\jre\bin\msvcr100.dll
0x000000006e060000 - 0x000000006e905000 	C:\Program Files\Java\jdk1.8.0_202\jre\bin\server\jvm.dll
0x00007ffbd7300000 - 0x00007ffbd7308000 	C:\Windows\System32\PSAPI.DLL
0x00007ffbc4220000 - 0x00007ffbc4247000 	C:\Windows\SYSTEM32\WINMM.dll
0x00007ffbbaa10000 - 0x00007ffbbaa19000 	C:\Windows\SYSTEM32\WSOCK32.dll
0x00007ffbca8d0000 - 0x00007ffbca8da000 	C:\Windows\SYSTEM32\VERSION.dll
0x00007ffbd7d80000 - 0x00007ffbd7deb000 	C:\Windows\System32\WS2_32.dll
0x00007ffbcb710000 - 0x00007ffbcb71f000 	C:\Program Files\Java\jdk1.8.0_202\jre\bin\verify.dll
0x00007ffbc24e0000 - 0x00007ffbc2509000 	C:\Program Files\Java\jdk1.8.0_202\jre\bin\java.dll
0x00007ffbcb650000 - 0x00007ffbcb666000 	C:\Program Files\Java\jdk1.8.0_202\jre\bin\zip.dll
0x00007ffbd63a0000 - 0x00007ffbd6ae4000 	C:\Windows\System32\SHELL32.dll
0x00007ffbd3820000 - 0x00007ffbd3fb3000 	C:\Windows\SYSTEM32\windows.storage.dll
0x00007ffbd7990000 - 0x00007ffbd7ce4000 	C:\Windows\System32\combase.dll
0x00007ffbd53c0000 - 0x00007ffbd53ee000 	C:\Windows\SYSTEM32\Wldp.dll
0x00007ffbd7310000 - 0x00007ffbd73bd000 	C:\Windows\System32\SHCORE.dll
0x00007ffbd72a0000 - 0x00007ffbd72f5000 	C:\Windows\System32\shlwapi.dll
0x00007ffbd58b0000 - 0x00007ffbd58cf000 	C:\Windows\SYSTEM32\profapi.dll
0x0000000069ac0000 - 0x0000000069ae4000 	C:\Program Files\NetBeans-15\netbeans\java\maven\lib\jansi-native\Windows\x86_64\jansi.dll
0x00007ffbcb410000 - 0x00007ffbcb42a000 	C:\Program Files\Java\jdk1.8.0_202\jre\bin\net.dll
0x00007ffbc3e60000 - 0x00007ffbc404c000 	C:\Windows\SYSTEM32\urlmon.dll
0x00007ffbc4250000 - 0x00007ffbc4501000 	C:\Windows\SYSTEM32\iertutil.dll
0x00007ffbd46d0000 - 0x00007ffbd46f8000 	C:\Windows\SYSTEM32\srvcli.dll
0x00007ffbd4ed0000 - 0x00007ffbd4edc000 	C:\Windows\SYSTEM32\netutils.dll
0x00007ffbd5120000 - 0x00007ffbd518a000 	C:\Windows\system32\mswsock.dll
0x00007ffbc8130000 - 0x00007ffbc8142000 	C:\Program Files\Java\jdk1.8.0_202\jre\bin\nio.dll

VM Arguments:
jvm_args: -Dclassworlds.conf=C:\Program Files\NetBeans-15\netbeans\java\maven\bin\m2.conf -Dmaven.home=C:\Program Files\NetBeans-15\netbeans\java\maven -Dlibrary.jansi.path=C:\Program Files\NetBeans-15\netbeans\java\maven\lib\jansi-native -Dmaven.multiModuleProjectDirectory=C:\Users\mio\Documents\Dev\java\Vitos 
java_command: org.codehaus.plexus.classworlds.launcher.Launcher -Dmaven.ext.class.path=C:\Program Files\NetBeans-15\netbeans\java\maven-nblib\netbeans-eventspy.jar -Dfile.encoding=UTF-8 clean install
java_class_path (initial): C:\Program Files\NetBeans-15\netbeans\java\maven\boot\plexus-classworlds-2.6.0.jar
Launcher Type: SUN_STANDARD

Environment Variables:
JAVA_HOME=C:\Program Files\Java\jdk1.8.0_202
PATH=C:\Program Files (x86)\Common Files\Oracle\Java\javapath;C:\Program Files\Common Files\Oracle\Java\javapath;C:\Windows\system32;C:\Windows;C:\Windows\System32\Wbem;C:\Windows\System32\WindowsPowerShell\v1.0\;C:\Windows\System32\OpenSSH\;C:\Program Files\dotnet\;C:\Program Files\Git\cmd;C:\Program Files\MySQL\MySQL Shell 8.0\bin\;C:\Users\mio\AppData\Local\Programs\Python\Python311\Scripts\;C:\Users\mio\AppData\Local\Programs\Python\Python311\;C:\Users\mio\AppData\Local\Microsoft\WindowsApps;C:\Users\mio\AppData\Local\Programs\Microsoft VS Code\bin;C:\Program Files (x86)\GnuWin32\bin;C:\MinGW\bin;
USERNAME=mio
OS=Windows_NT
PROCESSOR_IDENTIFIER=Intel64 Family 6 Model 140 Stepping 1, GenuineIntel



---------------  S Y S T E M  ---------------

OS: Windows 10.0 , 64 bit Build 19041 (10.0.19041.3031)

CPU:total 8 (initial active 8) (4 cores per cpu, 2 threads per core) family 6 model 140 stepping 1, cmov, cx8, fxsr, mmx, sse, sse2, sse3, ssse3, sse4.1, sse4.2, popcnt, avx, avx2, aes, clmul, erms, 3dnowpref, lzcnt, ht, tsc, tscinvbit, bmi1, bmi2, adx

Memory: 4k page, physical 16505632k(808084k free), swap 24894240k(7792k free)

vm_info: Java HotSpot(TM) 64-Bit Server VM (25.202-b08) for windows-amd64 JRE (1.8.0_202-b08), built on Dec 15 2018 19:54:30 by "java_re" with MS VC++ 10.0 (VS2010)

time: Wed Jul 12 18:12:21 2023
timezone: Hora est. Pacífico, Sudamérica
elapsed time: 2 seconds (0d 0h 0m 2s)

